# JRE version: OpenJDK Runtime Environment Temurin-21.0.9+10 (21.0.9+10) (build 21.0.9+10-LTS)
# Java VM: OpenJDK 64-Bit Server VM Temurin-21.0.9+10 (21.0.9+10-LTS, mixed mode, sharing, tiered, compressed oops, compressed class ptrs, parallel gc, windows-amd64)
GC Precious Log:
 CardTable entry size: 512
 CPUs: 12 total, 12 available
 Memory: 15993M
 Large Page Support: Disabled
 NUMA Support: Disabled
 Compressed Oops: Enabled (32-bit)
 Alignments: Space 512K, Generation 512K, Heap 2M
 Heap Min Capacity: 100M
 Heap Initial Capacity: 100M
 Heap Max Capacity: 2G
 Pre-touch: Disabled
 Parallel Workers: 10
Heap:
 PSYoungGen      total 20480K, used 1021K [0x00000000d5580000, 0x00000000d6e80000, 0x0000000100000000)
  eden space 19456K, 0% used [0x00000000d5580000,0x00000000d5580000,0x00000000d6880000)
  from space 1024K, 99% used [0x00000000d6c00000,0x00000000d6cff558,0x00000000d6d00000)
  to   space 3072K, 0% used [0x00000000d6880000,0x00000000d6880000,0x00000000d6b80000)
 ParOldGen       total 68608K, used 45893K [0x0000000080000000, 0x0000000084300000, 0x00000000d5580000)
  object space 68608K, 66% used [0x0000000080000000,0x0000000082cd17c0,0x0000000084300000)
 Metaspace       used 58494K, committed 59776K, reserved 1114112K
  class space    used 6335K, committed 6912K, reserved 1048576K
GC Heap History (20 events):
Event: 3.385 GC heap after
{Heap after GC invocations=27 (full 2):
 PSYoungGen      total 21504K, used 1952K [0x00000000d5580000, 0x00000000d6c80000, 0x0000000100000000)
  eden space 19456K, 0% used [0x00000000d5580000,0x00000000d5580000,0x00000000d6880000)
  from space 2048K, 95% used [0x00000000d6880000,0x00000000d6a68010,0x00000000d6a80000)
  to   space 2048K, 0% used [0x00000000d6a80000,0x00000000d6a80000,0x00000000d6c80000)
 ParOldGen       total 68608K, used 34922K [0x0000000080000000, 0x0000000084300000, 0x00000000d5580000)
  object space 68608K, 50% used [0x0000000080000000,0x000000008221aa90,0x0000000084300000)
 Metaspace       used 46994K, committed 48256K, reserved 1114112K
  class space    used 5142K, committed 5696K, reserved 1048576K
}
Event: 3.415 GC heap before
{Heap before GC invocations=28 (full 2):
 PSYoungGen      total 21504K, used 21408K [0x00000000d5580000, 0x00000000d6c80000, 0x0000000100000000)
  eden space 19456K, 100% used [0x00000000d5580000,0x00000000d6880000,0x00000000d6880000)
  from space 2048K, 95% used [0x00000000d6880000,0x00000000d6a68010,0x00000000d6a80000)
  to   space 2048K, 0% used [0x00000000d6a80000,0x00000000d6a80000,0x00000000d6c80000)
 ParOldGen       total 68608K, used 34922K [0x0000000080000000, 0x0000000084300000, 0x00000000d5580000)
  object space 68608K, 50% used [0x0000000080000000,0x000000008221aa90,0x0000000084300000)
 Metaspace       used 47070K, committed 48320K, reserved 1114112K
  class space    used 5143K, committed 5696K, reserved 1048576K
}
Event: 3.416 GC heap after
{Heap after GC invocations=28 (full 2):
 PSYoungGen      total 21504K, used 1760K [0x00000000d5580000, 0x00000000d6c80000, 0x0000000100000000)
  eden space 19456K, 0% used [0x00000000d5580000,0x00000000d5580000,0x00000000d6880000)
  from space 2048K, 85% used [0x00000000d6a80000,0x00000000d6c38000,0x00000000d6c80000)
  to   space 2048K, 0% used [0x00000000d6880000,0x00000000d6880000,0x00000000d6a80000)
 ParOldGen       total 68608K, used 36802K [0x0000000080000000, 0x0000000084300000, 0x00000000d5580000)
  object space 68608K, 53% used [0x0000000080000000,0x00000000823f0aa0,0x0000000084300000)
 Metaspace       used 47070K, committed 48320K, reserved 1114112K
  class space    used 5143K, committed 5696K, reserved 1048576K
}
Event: 3.532 GC heap before
{Heap before GC invocations=29 (full 2):
 PSYoungGen      total 21504K, used 21216K [0x00000000d5580000, 0x00000000d6c80000, 0x0000000100000000)
  eden space 19456K, 100% used [0x00000000d5580000,0x00000000d6880000,0x00000000d6880000)
  from space 2048K, 85% used [0x00000000d6a80000,0x00000000d6c38000,0x00000000d6c80000)
  to   space 2048K, 0% used [0x00000000d6880000,0x00000000d6880000,0x00000000d6a80000)
 ParOldGen       total 68608K, used 36802K [0x0000000080000000, 0x0000000084300000, 0x00000000d5580000)
  object space 68608K, 53% used [0x0000000080000000,0x00000000823f0aa0,0x0000000084300000)
 Metaspace       used 48579K, committed 49728K, reserved 1114112K
  class space    used 5290K, committed 5824K, reserved 1048576K
}
Event: 3.534 GC heap after
{Heap after GC invocations=29 (full 2):
 PSYoungGen      total 21504K, used 2024K [0x00000000d5580000, 0x00000000d7380000, 0x0000000100000000)
  eden space 19456K, 0% used [0x00000000d5580000,0x00000000d5580000,0x00000000d6880000)
  from space 2048K, 98% used [0x00000000d6880000,0x00000000d6a7a000,0x00000000d6a80000)
  to   space 5632K, 0% used [0x00000000d6e00000,0x00000000d6e00000,0x00000000d7380000)
 ParOldGen       total 68608K, used 39559K [0x0000000080000000, 0x0000000084300000, 0x00000000d5580000)
  object space 68608K, 57% used [0x0000000080000000,0x00000000826a1d28,0x0000000084300000)
 Metaspace       used 48579K, committed 49728K, reserved 1114112K
  class space    used 5290K, committed 5824K, reserved 1048576K
}
Event: 3.712 GC heap before
{Heap before GC invocations=30 (full 2):
 PSYoungGen      total 21504K, used 21425K [0x00000000d5580000, 0x00000000d7380000, 0x0000000100000000)
  eden space 19456K, 99% used [0x00000000d5580000,0x00000000d68726c8,0x00000000d6880000)
  from space 2048K, 98% used [0x00000000d6880000,0x00000000d6a7a000,0x00000000d6a80000)
  to   space 5632K, 0% used [0x00000000d6e00000,0x00000000d6e00000,0x00000000d7380000)
 ParOldGen       total 68608K, used 39559K [0x0000000080000000, 0x0000000084300000, 0x00000000d5580000)
  object space 68608K, 57% used [0x0000000080000000,0x00000000826a1d28,0x0000000084300000)
 Metaspace       used 49888K, committed 51072K, reserved 1114112K
  class space    used 5451K, committed 5952K, reserved 1048576K
}
Event: 3.713 GC heap after
{Heap after GC invocations=30 (full 2):
 PSYoungGen      total 20480K, used 888K [0x00000000d5580000, 0x00000000d6f00000, 0x0000000100000000)
  eden space 19456K, 0% used [0x00000000d5580000,0x00000000d5580000,0x00000000d6880000)
  from space 1024K, 86% used [0x00000000d6e00000,0x00000000d6ede2e8,0x00000000d6f00000)
  to   space 2560K, 0% used [0x00000000d6a00000,0x00000000d6a00000,0x00000000d6c80000)
 ParOldGen       total 68608K, used 41592K [0x0000000080000000, 0x0000000084300000, 0x00000000d5580000)
  object space 68608K, 60% used [0x0000000080000000,0x000000008289e330,0x0000000084300000)
 Metaspace       used 49888K, committed 51072K, reserved 1114112K
  class space    used 5451K, committed 5952K, reserved 1048576K
}
Event: 3.837 GC heap before
{Heap before GC invocations=31 (full 2):
 PSYoungGen      total 20480K, used 20344K [0x00000000d5580000, 0x00000000d6f00000, 0x0000000100000000)
  eden space 19456K, 100% used [0x00000000d5580000,0x00000000d6880000,0x00000000d6880000)
  from space 1024K, 86% used [0x00000000d6e00000,0x00000000d6ede2e8,0x00000000d6f00000)
  to   space 2560K, 0% used [0x00000000d6a00000,0x00000000d6a00000,0x00000000d6c80000)
 ParOldGen       total 68608K, used 41592K [0x0000000080000000, 0x0000000084300000, 0x00000000d5580000)
  object space 68608K, 60% used [0x0000000080000000,0x000000008289e330,0x0000000084300000)
 Metaspace       used 51198K, committed 52352K, reserved 1114112K
  class space    used 5574K, committed 6080K, reserved 1048576K
}
Event: 3.838 GC heap after
{Heap after GC invocations=31 (full 2):
 PSYoungGen      total 22016K, used 1676K [0x00000000d5580000, 0x00000000d6e80000, 0x0000000100000000)
  eden space 19456K, 0% used [0x00000000d5580000,0x00000000d5580000,0x00000000d6880000)
  from space 2560K, 65% used [0x00000000d6a00000,0x00000000d6ba3230,0x00000000d6c80000)
  to   space 2048K, 0% used [0x00000000d6c80000,0x00000000d6c80000,0x00000000d6e80000)
 ParOldGen       total 68608K, used 42343K [0x0000000080000000, 0x0000000084300000, 0x00000000d5580000)
  object space 68608K, 61% used [0x0000000080000000,0x0000000082959d38,0x0000000084300000)
 Metaspace       used 51198K, committed 52352K, reserved 1114112K
  class space    used 5574K, committed 6080K, reserved 1048576K
}
Event: 3.876 GC heap before
{Heap before GC invocations=32 (full 2):
 PSYoungGen      total 22016K, used 21132K [0x00000000d5580000, 0x00000000d6e80000, 0x0000000100000000)
  eden space 19456K, 100% used [0x00000000d5580000,0x00000000d6880000,0x00000000d6880000)
  from space 2560K, 65% used [0x00000000d6a00000,0x00000000d6ba3230,0x00000000d6c80000)
  to   space 2048K, 0% used [0x00000000d6c80000,0x00000000d6c80000,0x00000000d6e80000)
 ParOldGen       total 68608K, used 42343K [0x0000000080000000, 0x0000000084300000, 0x00000000d5580000)
  object space 68608K, 61% used [0x0000000080000000,0x0000000082959d38,0x0000000084300000)
 Metaspace       used 51241K, committed 52416K, reserved 1114112K
  class space    used 5575K, committed 6080K, reserved 1048576K
}
Event: 3.876 GC heap after
{Heap after GC invocations=32 (full 2):
 PSYoungGen      total 20480K, used 649K [0x00000000d5580000, 0x00000000d6d80000, 0x0000000100000000)
  eden space 19456K, 0% used [0x00000000d5580000,0x00000000d5580000,0x00000000d6880000)
  from space 1024K, 63% used [0x00000000d6c80000,0x00000000d6d226d0,0x00000000d6d80000)
  to   space 1536K, 0% used [0x00000000d6a80000,0x00000000d6a80000,0x00000000d6c00000)
 ParOldGen       total 68608K, used 43187K [0x0000000080000000, 0x0000000084300000, 0x00000000d5580000)
  object space 68608K, 62% used [0x0000000080000000,0x0000000082a2ceb0,0x0000000084300000)
 Metaspace       used 51241K, committed 52416K, reserved 1114112K
  class space    used 5575K, committed 6080K, reserved 1048576K
}
Event: 3.930 GC heap before
{Heap before GC invocations=33 (full 2):
 PSYoungGen      total 20480K, used 20105K [0x00000000d5580000, 0x00000000d6d80000, 0x0000000100000000)
  eden space 19456K, 100% used [0x00000000d5580000,0x00000000d6880000,0x00000000d6880000)
  from space 1024K, 63% used [0x00000000d6c80000,0x00000000d6d226d0,0x00000000d6d80000)
  to   space 1536K, 0% used [0x00000000d6a80000,0x00000000d6a80000,0x00000000d6c00000)
 ParOldGen       total 68608K, used 43187K [0x0000000080000000, 0x0000000084300000, 0x00000000d5580000)
  object space 68608K, 62% used [0x0000000080000000,0x0000000082a2ceb0,0x0000000084300000)
 Metaspace       used 52380K, committed 53568K, reserved 1114112K
  class space    used 5673K, committed 6208K, reserved 1048576K
}
Event: 3.930 GC heap after
{Heap after GC invocations=33 (full 2):
 PSYoungGen      total 20992K, used 320K [0x00000000d5580000, 0x00000000d6d00000, 0x0000000100000000)
  eden space 19456K, 0% used [0x00000000d5580000,0x00000000d5580000,0x00000000d6880000)
  from space 1536K, 20% used [0x00000000d6a80000,0x00000000d6ad0000,0x00000000d6c00000)
  to   space 512K, 0% used [0x00000000d6c80000,0x00000000d6c80000,0x00000000d6d00000)
 ParOldGen       total 68608K, used 43219K [0x0000000080000000, 0x0000000084300000, 0x00000000d5580000)
  object space 68608K, 62% used [0x0000000080000000,0x0000000082a34eb0,0x0000000084300000)
 Metaspace       used 52380K, committed 53568K, reserved 1114112K
  class space    used 5673K, committed 6208K, reserved 1048576K
}
Event: 4.146 GC heap before
{Heap before GC invocations=34 (full 2):
 PSYoungGen      total 20992K, used 19776K [0x00000000d5580000, 0x00000000d6d00000, 0x0000000100000000)
  eden space 19456K, 100% used [0x00000000d5580000,0x00000000d6880000,0x00000000d6880000)
  from space 1536K, 20% used [0x00000000d6a80000,0x00000000d6ad0000,0x00000000d6c00000)
  to   space 512K, 0% used [0x00000000d6c80000,0x00000000d6c80000,0x00000000d6d00000)
 ParOldGen       total 68608K, used 43219K [0x0000000080000000, 0x0000000084300000, 0x00000000d5580000)
  object space 68608K, 62% used [0x0000000080000000,0x0000000082a34eb0,0x0000000084300000)
 Metaspace       used 54773K, committed 56128K, reserved 1114112K
  class space    used 5922K, committed 6528K, reserved 1048576K
}
Event: 4.146 GC heap after
{Heap after GC invocations=34 (full 2):
 PSYoungGen      total 19968K, used 504K [0x00000000d5580000, 0x00000000d6d00000, 0x0000000100000000)
  eden space 19456K, 0% used [0x00000000d5580000,0x00000000d5580000,0x00000000d6880000)
  from space 512K, 98% used [0x00000000d6c80000,0x00000000d6cfe1d8,0x00000000d6d00000)
  to   space 1024K, 0% used [0x00000000d6b00000,0x00000000d6b00000,0x00000000d6c00000)
 ParOldGen       total 68608K, used 43515K [0x0000000080000000, 0x0000000084300000, 0x00000000d5580000)
  object space 68608K, 63% used [0x0000000080000000,0x0000000082a7eed0,0x0000000084300000)
 Metaspace       used 54773K, committed 56128K, reserved 1114112K
  class space    used 5922K, committed 6528K, reserved 1048576K
}
Event: 4.329 GC heap before
{Heap before GC invocations=35 (full 2):
 PSYoungGen      total 19968K, used 19946K [0x00000000d5580000, 0x00000000d6d00000, 0x0000000100000000)
  eden space 19456K, 99% used [0x00000000d5580000,0x00000000d687c8c8,0x00000000d6880000)
  from space 512K, 98% used [0x00000000d6c80000,0x00000000d6cfe1d8,0x00000000d6d00000)
  to   space 1024K, 0% used [0x00000000d6b00000,0x00000000d6b00000,0x00000000d6c00000)
 ParOldGen       total 68608K, used 43515K [0x0000000080000000, 0x0000000084300000, 0x00000000d5580000)
  object space 68608K, 63% used [0x0000000080000000,0x0000000082a7eed0,0x0000000084300000)
 Metaspace       used 56438K, committed 57728K, reserved 1114112K
  class space    used 6096K, committed 6656K, reserved 1048576K
}
Event: 4.330 GC heap after
{Heap after GC invocations=35 (full 2):
 PSYoungGen      total 20480K, used 1008K [0x00000000d5580000, 0x00000000d6d00000, 0x0000000100000000)
  eden space 19456K, 0% used [0x00000000d5580000,0x00000000d5580000,0x00000000d6880000)
  from space 1024K, 98% used [0x00000000d6b00000,0x00000000d6bfc070,0x00000000d6c00000)
  to   space 1024K, 0% used [0x00000000d6c00000,0x00000000d6c00000,0x00000000d6d00000)
 ParOldGen       total 68608K, used 44298K [0x0000000080000000, 0x0000000084300000, 0x00000000d5580000)
  object space 68608K, 64% used [0x0000000080000000,0x0000000082b42830,0x0000000084300000)
 Metaspace       used 56438K, committed 57728K, reserved 1114112K
  class space    used 6096K, committed 6656K, reserved 1048576K
}
Event: 4.616 GC heap before
{Heap before GC invocations=36 (full 2):
 PSYoungGen      total 20480K, used 18572K [0x00000000d5580000, 0x00000000d6d00000, 0x0000000100000000)
  eden space 19456K, 90% used [0x00000000d5580000,0x00000000d66a7068,0x00000000d6880000)
  from space 1024K, 98% used [0x00000000d6b00000,0x00000000d6bfc070,0x00000000d6c00000)
  to   space 1024K, 0% used [0x00000000d6c00000,0x00000000d6c00000,0x00000000d6d00000)
 ParOldGen       total 68608K, used 44298K [0x0000000080000000, 0x0000000084300000, 0x00000000d5580000)
  object space 68608K, 64% used [0x0000000080000000,0x0000000082b42830,0x0000000084300000)
 Metaspace       used 58494K, committed 59776K, reserved 1114112K
  class space    used 6335K, committed 6912K, reserved 1048576K
}
Event: 4.617 GC heap after
{Heap after GC invocations=36 (full 2):
 PSYoungGen      total 20480K, used 1021K [0x00000000d5580000, 0x00000000d6e80000, 0x0000000100000000)
  eden space 19456K, 0% used [0x00000000d5580000,0x00000000d5580000,0x00000000d6880000)
  from space 1024K, 99% used [0x00000000d6c00000,0x00000000d6cff558,0x00000000d6d00000)
  to   space 3072K, 0% used [0x00000000d6880000,0x00000000d6880000,0x00000000d6b80000)
 ParOldGen       total 68608K, used 45893K [0x0000000080000000, 0x0000000084300000, 0x00000000d5580000)
  object space 68608K, 66% used [0x0000000080000000,0x0000000082cd17c0,0x0000000084300000)
 Metaspace       used 58494K, committed 59776K, reserved 1114112K
  class space    used 6335K, committed 6912K, reserved 1048576K
}
Event: 4.617 GC heap before
{Heap before GC invocations=37 (full 3):
 PSYoungGen      total 20480K, used 1021K [0x00000000d5580000, 0x00000000d6e80000, 0x0000000100000000)
  eden space 19456K, 0% used [0x00000000d5580000,0x00000000d5580000,0x00000000d6880000)
  from space 1024K, 99% used [0x00000000d6c00000,0x00000000d6cff558,0x00000000d6d00000)
  to   space 3072K, 0% used [0x00000000d6880000,0x00000000d6880000,0x00000000d6b80000)
 ParOldGen       total 68608K, used 45893K [0x0000000080000000, 0x0000000084300000, 0x00000000d5580000)
  object space 68608K, 66% used [0x0000000080000000,0x0000000082cd17c0,0x0000000084300000)
 Metaspace       used 58494K, committed 59776K, reserved 1114112K
  class space    used 6335K, committed 6912K, reserved 1048576K
}

